2022.08.30 08:32:06 INFO  tracing is disabled for protocol LSP, to enable tracing of incoming and outgoing JSON messages create an empty file at /Users/alberto/Projects/personal/functional-programming-principles-in-scala/hello-world/.metals/lsp.trace.json or /Users/alberto/Library/Caches/org.scalameta.metals/lsp.trace.json
2022.08.30 08:32:06 INFO  logging to file /Users/alberto/Projects/personal/functional-programming-principles-in-scala/hello-world/.metals/metals.log
2022.08.30 08:32:06 INFO  Started: Metals version 0.11.8 in workspace '/Users/alberto/Projects/personal/functional-programming-principles-in-scala/hello-world' for client Visual Studio Code 1.70.2.
2022.08.30 08:32:06 WARN  Flyway upgrade recommended: H2 2.1.214 is newer than this version of Flyway and support has not been tested. The latest supported version of H2 is 2.1.210.
2022.08.30 08:32:08 INFO  time: initialize in 1.19s
2022.08.30 08:32:09 WARN  Build server is not auto-connectable.
2022.08.30 08:32:22 INFO  no build target found for /Users/alberto/Projects/personal/functional-programming-principles-in-scala/hello-world/src/examples.worksheet.sc. Using presentation compiler with project's scala-library version: 3.1.3
2022.08.30 08:32:24 INFO  time: code lens generation in 5.23s
2022.08.30 08:32:24 INFO  time: code lens generation in 5.23s
2022.08.30 08:32:24 INFO  no build target found for /Users/alberto/Projects/personal/functional-programming-principles-in-scala/hello-world/src/examples.worksheet.sc. Using presentation compiler with project's scala-library version: 3.1.3
2022.08.30 08:32:24 INFO  time: evaluated worksheet 'examples.worksheet.sc' in 6.86s
2022.08.30 08:32:36 INFO  running '/Users/alberto/Library/Caches/Coursier/arc/https/github.com/AdoptOpenJDK/openjdk11-binaries/releases/download/jdk-11%252B28/OpenJDK11-jdk_x64_mac_hotspot_11_28.tar.gz/jdk-11+28/Contents/Home/bin/java -Djline.terminal=jline.UnsupportedTerminal -Dsbt.log.noformat=true -Dfile.encoding=UTF-8 -jar /var/folders/bt/csg6fzss6k54sfh7j1x_5_0h0000gp/T/metals10097220780972963509/sbt-launch.jar -Dbloop.export-jar-classifiers=sources bloopInstall'
2022.08.30 08:32:37 WARN  no build target for: /Users/alberto/Projects/personal/functional-programming-principles-in-scala/hello-world/project/metals.sbt
2022.08.30 08:32:37 WARN  no build target for: /Users/alberto/Projects/personal/functional-programming-principles-in-scala/hello-world/project/project/metals.sbt
2022.08.30 08:32:37 INFO  skipping build import with status 'Started'
2022.08.30 08:32:38 INFO  [info] welcome to sbt 1.7.1 (Oracle Corporation Java 11)
2022.08.30 08:32:40 INFO  [info] loading settings for project hello-world-build-build from metals.sbt ...
2022.08.30 08:32:40 INFO  [info] loading project definition from /Users/alberto/Projects/personal/functional-programming-principles-in-scala/hello-world/project/project
2022.08.30 08:32:42 INFO  [info] loading settings for project hello-world-build from metals.sbt ...
2022.08.30 08:32:42 INFO  [info] loading project definition from /Users/alberto/Projects/personal/functional-programming-principles-in-scala/hello-world/project
2022.08.30 08:32:45 INFO  [success] Generated .bloop/hello-world-build.json
2022.08.30 08:32:45 INFO  [success] Total time: 2 s, completed Aug 30, 2022, 8:32:45 AM
2022.08.30 08:32:46 INFO  [info] loading settings for project hello-world from build.sbt ...
2022.08.30 08:32:46 INFO  [info] set current project to hello-world (in build file:/Users/alberto/Projects/personal/functional-programming-principles-in-scala/hello-world/)
2022.08.30 08:32:46 INFO  [success] Generated .bloop/hello-world.json
2022.08.30 08:32:46 INFO  [success] Generated .bloop/hello-world-test.json
2022.08.30 08:32:46 INFO  [success] Total time: 0 s, completed Aug 30, 2022, 8:32:47 AM
2022.08.30 08:32:47 INFO  time: ran 'sbt bloopInstall' in 10s
2022.08.30 08:32:47 INFO  Attempting to connect to the build server...
2022.08.30 08:32:47 INFO  Bloop uses /Users/alberto/Library/Caches/Coursier/arc/https/github.com/AdoptOpenJDK/openjdk11-binaries/releases/download/jdk-11%252B28/OpenJDK11-jdk_x64_mac_hotspot_11_28.tar.gz/jdk-11+28/Contents/Home defined at /Users/alberto/.bloop/bloop.json
2022.08.30 08:32:50 INFO  tracing is disabled for protocol BSP, to enable tracing of incoming and outgoing JSON messages create an empty file at /Users/alberto/Projects/personal/functional-programming-principles-in-scala/hello-world/.metals/bsp.trace.json or /Users/alberto/Library/Caches/org.scalameta.metals/bsp.trace.json
2022.08.30 08:32:52 INFO  Attempting to connect to the build server...
2022.08.30 08:32:52 INFO  Bloop uses /Users/alberto/Library/Caches/Coursier/arc/https/github.com/AdoptOpenJDK/openjdk11-binaries/releases/download/jdk-11%252B28/OpenJDK11-jdk_x64_mac_hotspot_11_28.tar.gz/jdk-11+28/Contents/Home defined at /Users/alberto/.bloop/bloop.json
2022.08.30 08:32:52 INFO  tracing is disabled for protocol BSP, to enable tracing of incoming and outgoing JSON messages create an empty file at /Users/alberto/Projects/personal/functional-programming-principles-in-scala/hello-world/project/.metals/bsp.trace.json or /Users/alberto/Library/Caches/org.scalameta.metals/bsp.trace.json
2022.08.30 08:32:52 INFO  time: Connected to build server in 5.97s
2022.08.30 08:32:52 INFO  Connected to Build server: Bloop v1.5.3
2022.08.30 08:32:58 INFO  time: indexed workspace in 4.52s
2022.08.30 08:33:00 INFO  time: code lens generation in 1.42s
2022.08.30 08:33:00 INFO  time: code lens generation in 1.42s
[31merror[39m: src/examples.worksheet.sc:1:23: class java.lang.Exception is not a value
def f: String = throw Exception()
                      ^^^^^^^^^
2022.08.30 08:33:03 INFO  no build target found for /Users/alberto/Projects/personal/functional-programming-principles-in-scala/hello-world/src/examples.worksheet.sc. Using presentation compiler with project's scala-library version: 2.13.8
2022.08.30 08:33:03 INFO  time: evaluated worksheet 'examples.worksheet.sc' in 5.29s
[31merror[39m: src/examples.worksheet.sc:1:23: class java.lang.Exception is not a value
def f: String = throw Exception()
                      ^^^^^^^^^
2022.08.30 08:33:03 INFO  time: evaluated worksheet 'examples.worksheet.sc' in 0.1s
2022.08.30 11:17:13 INFO  shutting down Metals
2022.08.30 11:17:13 INFO  Shut down connection with build server.
2022.08.30 11:17:13 INFO  Shut down connection with build server.
