2022.08.13 20:53:34 INFO  tracing is disabled for protocol LSP, to enable tracing of incoming and outgoing JSON messages create an empty file at /Users/alberto/Projects/personal/functional-programming-principles-in-scala/scala-project/.metals/lsp.trace.json or /Users/alberto/Library/Caches/org.scalameta.metals/lsp.trace.json[0m
2022.08.13 20:53:34 INFO  logging to file /Users/alberto/Projects/personal/functional-programming-principles-in-scala/scala-project/.metals/metals.log[0m
2022.08.13 20:53:34 INFO  Started: Metals version 0.11.8 in workspace '/Users/alberto/Projects/personal/functional-programming-principles-in-scala/scala-project' for client Visual Studio Code 1.70.1.[0m
2022.08.13 20:53:36 WARN  Flyway upgrade recommended: H2 2.1.214 is newer than this version of Flyway and support has not been tested. The latest supported version of H2 is 2.1.210.[0m
2022.08.13 20:53:36 INFO  time: initialize in 1.78s[0m
2022.08.13 20:53:38 WARN  Build server is not auto-connectable.[0m
2022.08.13 20:53:42 INFO  running '/Users/alberto/Library/Caches/Coursier/arc/https/github.com/AdoptOpenJDK/openjdk11-binaries/releases/download/jdk-11%252B28/OpenJDK11-jdk_x64_mac_hotspot_11_28.tar.gz/jdk-11+28/Contents/Home/bin/java -Djline.terminal=jline.UnsupportedTerminal -Dsbt.log.noformat=true -Dfile.encoding=UTF-8 -jar /var/folders/bt/csg6fzss6k54sfh7j1x_5_0h0000gp/T/metals15923551246659124180/sbt-launch.jar -Dbloop.export-jar-classifiers=sources bloopInstall'[0m
2022.08.13 20:53:42 WARN  no build target for: /Users/alberto/Projects/personal/functional-programming-principles-in-scala/scala-project/project/metals.sbt[0m
2022.08.13 20:53:42 WARN  no build target for: /Users/alberto/Projects/personal/functional-programming-principles-in-scala/scala-project/project/project/metals.sbt[0m
2022.08.13 20:53:42 INFO  skipping build import with status 'Started'[0m
2022.08.13 20:53:42 ERROR [info] [launcher] getting org.scala-sbt sbt 1.5.2  (this may take some time)...[0m
2022.08.13 20:53:46 INFO  no build target found for /Users/alberto/Projects/personal/functional-programming-principles-in-scala/scala-project/project/metals.sbt. Using presentation compiler with project's scala-library version: 3.1.3[0m
2022.08.13 20:54:29 ERROR downloading https://repo1.maven.org/maven2/org/scala-sbt/main_2.12/1.5.2/main_2.12-1.5.2.jar ...[0m
2022.08.13 20:54:29 ERROR downloading https://repo1.maven.org/maven2/org/scala-sbt/actions_2.12/1.5.2/actions_2.12-1.5.2.jar ...[0m
2022.08.13 20:54:29 ERROR downloading https://repo1.maven.org/maven2/org/scala-sbt/main-settings_2.12/1.5.2/main-settings_2.12-1.5.2.jar ...[0m
2022.08.13 20:54:29 ERROR downloading https://repo1.maven.org/maven2/org/scala-lang/scala-library/2.12.13/scala-library-2.12.13.jar ...[0m
2022.08.13 20:54:29 ERROR downloading https://repo1.maven.org/maven2/org/scala-sbt/run_2.12/1.5.2/run_2.12-1.5.2.jar ...[0m
2022.08.13 20:54:29 ERROR downloading https://repo1.maven.org/maven2/org/scala-sbt/io_2.12/1.5.0/io_2.12-1.5.0.jar ...[0m
2022.08.13 20:54:29 ERROR downloading https://repo1.maven.org/maven2/org/scala-sbt/logic_2.12/1.5.2/logic_2.12-1.5.2.jar ...[0m
2022.08.13 20:54:29 ERROR downloading https://repo1.maven.org/maven2/org/scala-sbt/command_2.12/1.5.2/command_2.12-1.5.2.jar ...[0m
2022.08.13 20:54:29 ERROR downloading https://repo1.maven.org/maven2/org/scala-sbt/sbt/1.5.2/sbt-1.5.2.jar ...[0m
2022.08.13 20:54:29 ERROR downloading https://repo1.maven.org/maven2/org/scala-sbt/collections_2.12/1.5.2/collections_2.12-1.5.2.jar ...[0m
2022.08.13 20:54:29 ERROR downloading https://repo1.maven.org/maven2/org/scala-sbt/scripted-plugin_2.12/1.5.2/scripted-plugin_2.12-1.5.2.jar ...[0m
2022.08.13 20:54:29 ERROR downloading https://repo1.maven.org/maven2/org/scala-sbt/zinc-lm-integration_2.12/1.5.2/zinc-lm-integration_2.12-1.5.2.jar ...[0m
2022.08.13 20:54:29 ERROR :: loading settings :: url = jar:file:/private/var/folders/bt/csg6fzss6k54sfh7j1x_5_0h0000gp/T/metals15923551246659124180/sbt-launch.jar!/org/apache/ivy/core/settings/ivysettings.xml[0m
2022.08.13 20:54:29 ERROR :: loading settings :: url = jar:file:/private/var/folders/bt/csg6fzss6k54sfh7j1x_5_0h0000gp/T/metals15923551246659124180/sbt-launch.jar!/org/apache/ivy/core/settings/ivysettings.xml[0m
2022.08.13 20:54:29 ERROR :: loading settings :: url = jar:file:/private/var/folders/bt/csg6fzss6k54sfh7j1x_5_0h0000gp/T/metals15923551246659124180/sbt-launch.jar!/org/apache/ivy/core/settings/ivysettings.xml[0m
2022.08.13 20:54:29 ERROR :: loading settings :: url = jar:file:/private/var/folders/bt/csg6fzss6k54sfh7j1x_5_0h0000gp/T/metals15923551246659124180/sbt-launch.jar!/org/apache/ivy/core/settings/ivysettings.xml[0m
2022.08.13 20:54:29 ERROR :: loading settings :: url = jar:file:/private/var/folders/bt/csg6fzss6k54sfh7j1x_5_0h0000gp/T/metals15923551246659124180/sbt-launch.jar!/org/apache/ivy/core/settings/ivysettings.xml[0m
2022.08.13 20:54:29 ERROR :: loading settings :: url = jar:file:/private/var/folders/bt/csg6fzss6k54sfh7j1x_5_0h0000gp/T/metals15923551246659124180/sbt-launch.jar!/org/apache/ivy/core/settings/ivysettings.xml[0m
2022.08.13 20:54:29 ERROR :: loading settings :: url = jar:file:/private/var/folders/bt/csg6fzss6k54sfh7j1x_5_0h0000gp/T/metals15923551246659124180/sbt-launch.jar!/org/apache/ivy/core/settings/ivysettings.xml[0m
2022.08.13 20:54:29 ERROR :: loading settings :: url = jar:file:/private/var/folders/bt/csg6fzss6k54sfh7j1x_5_0h0000gp/T/metals15923551246659124180/sbt-launch.jar!/org/apache/ivy/core/settings/ivysettings.xml[0m
2022.08.13 20:54:29 ERROR :: loading settings :: url = jar:file:/private/var/folders/bt/csg6fzss6k54sfh7j1x_5_0h0000gp/T/metals15923551246659124180/sbt-launch.jar!/org/apache/ivy/core/settings/ivysettings.xml[0m
2022.08.13 20:54:29 ERROR :: loading settings :: url = jar:file:/private/var/folders/bt/csg6fzss6k54sfh7j1x_5_0h0000gp/T/metals15923551246659124180/sbt-launch.jar!/org/apache/ivy/core/settings/ivysettings.xml[0m
2022.08.13 20:54:29 ERROR :: loading settings :: url = jar:file:/private/var/folders/bt/csg6fzss6k54sfh7j1x_5_0h0000gp/T/metals15923551246659124180/sbt-launch.jar!/org/apache/ivy/core/settings/ivysettings.xml[0m
2022.08.13 20:54:29 ERROR :: loading settings :: url = jar:file:/private/var/folders/bt/csg6fzss6k54sfh7j1x_5_0h0000gp/T/metals15923551246659124180/sbt-launch.jar!/org/apache/ivy/core/settings/ivysettings.xml[0m
2022.08.13 20:54:29 ERROR 	[SUCCESSFUL ] org.scala-sbt#io_2.12;1.5.0!io_2.12.jar (174ms)[0m
2022.08.13 20:54:29 ERROR downloading https://repo1.maven.org/maven2/org/scala-sbt/util-logging_2.12/1.5.2/util-logging_2.12-1.5.2.jar ...[0m
2022.08.13 20:54:29 ERROR 	[SUCCESSFUL ] org.scala-sbt#scripted-plugin_2.12;1.5.2!scripted-plugin_2.12.jar (209ms)[0m
2022.08.13 20:54:29 ERROR downloading https://repo1.maven.org/maven2/org/scala-lang/modules/scala-xml_2.12/1.3.0/scala-xml_2.12-1.3.0.jar ...[0m
2022.08.13 20:54:29 ERROR 	[SUCCESSFUL ] org.scala-sbt#logic_2.12;1.5.2!logic_2.12.jar (218ms)[0m
2022.08.13 20:54:29 ERROR downloading https://repo1.maven.org/maven2/org/scala-sbt/launcher-interface/1.3.1/launcher-interface-1.3.1.jar ...[0m
2022.08.13 20:54:29 ERROR 	[SUCCESSFUL ] org.scala-sbt#run_2.12;1.5.2!run_2.12.jar (223ms)[0m
2022.08.13 20:54:29 ERROR downloading https://repo1.maven.org/maven2/com/github/ben-manes/caffeine/caffeine/2.8.5/caffeine-2.8.5.jar ...[0m
2022.08.13 20:54:29 ERROR 	[SUCCESSFUL ] org.scala-sbt#zinc-lm-integration_2.12;1.5.2!zinc-lm-integration_2.12.jar (220ms)[0m
2022.08.13 20:54:29 ERROR 	[SUCCESSFUL ] org.scala-sbt#sbt;1.5.2!sbt.jar (229ms)[0m
2022.08.13 20:54:29 ERROR downloading https://repo1.maven.org/maven2/org/apache/logging/log4j/log4j-api/2.11.2/log4j-api-2.11.2.jar ...[0m
2022.08.13 20:54:29 ERROR downloading https://repo1.maven.org/maven2/io/get-coursier/lm-coursier-shaded_2.12/2.0.8/lm-coursier-shaded_2.12-2.0.8.jar ...[0m
2022.08.13 20:54:29 ERROR 	[SUCCESSFUL ] org.scala-sbt#actions_2.12;1.5.2!actions_2.12.jar (269ms)[0m
2022.08.13 20:54:29 ERROR downloading https://repo1.maven.org/maven2/org/apache/logging/log4j/log4j-core/2.11.2/log4j-core-2.11.2.jar ...[0m
2022.08.13 20:54:29 ERROR 	[SUCCESSFUL ] org.scala-sbt#launcher-interface;1.3.1!launcher-interface.jar (61ms)[0m
2022.08.13 20:54:29 ERROR downloading https://repo1.maven.org/maven2/org/apache/logging/log4j/log4j-slf4j-impl/2.11.2/log4j-slf4j-impl-2.11.2.jar ...[0m
2022.08.13 20:54:29 ERROR 	[SUCCESSFUL ] org.scala-sbt#command_2.12;1.5.2!command_2.12.jar (280ms)[0m
2022.08.13 20:54:29 ERROR downloading https://repo1.maven.org/maven2/org/scala-sbt/librarymanagement-core_2.12/1.5.0/librarymanagement-core_2.12-1.5.0.jar ...[0m
2022.08.13 20:54:29 ERROR 	[SUCCESSFUL ] org.scala-sbt#collections_2.12;1.5.2!collections_2.12.jar (290ms)[0m
2022.08.13 20:54:29 ERROR downloading https://repo1.maven.org/maven2/org/scala-sbt/librarymanagement-ivy_2.12/1.5.0/librarymanagement-ivy_2.12-1.5.0.jar ...[0m
2022.08.13 20:54:29 ERROR 	[SUCCESSFUL ] org.scala-sbt#main-settings_2.12;1.5.2!main-settings_2.12.jar (299ms)[0m
2022.08.13 20:54:29 ERROR downloading https://repo1.maven.org/maven2/org/scala-sbt/compiler-interface/1.5.3/compiler-interface-1.5.3.jar ...[0m
2022.08.13 20:54:29 ERROR 	[SUCCESSFUL ] org.scala-lang.modules#scala-xml_2.12;1.3.0!scala-xml_2.12.jar(bundle) (133ms)[0m
2022.08.13 20:54:29 ERROR downloading https://repo1.maven.org/maven2/org/scala-sbt/zinc-compile_2.12/1.5.3/zinc-compile_2.12-1.5.3.jar ...[0m
2022.08.13 20:54:29 ERROR 	[SUCCESSFUL ] org.apache.logging.log4j#log4j-api;2.11.2!log4j-api.jar (130ms)[0m
2022.08.13 20:54:29 ERROR downloading https://repo1.maven.org/maven2/org/scala-sbt/util-relation_2.12/1.5.2/util-relation_2.12-1.5.2.jar ...[0m
2022.08.13 20:54:29 ERROR 	[SUCCESSFUL ] org.apache.logging.log4j#log4j-slf4j-impl;2.11.2!log4j-slf4j-impl.jar (95ms)[0m
2022.08.13 20:54:29 ERROR downloading https://repo1.maven.org/maven2/org/scala-sbt/util-position_2.12/1.5.2/util-position_2.12-1.5.2.jar ...[0m
2022.08.13 20:54:29 ERROR 	[SUCCESSFUL ] org.scala-sbt#util-logging_2.12;1.5.2!util-logging_2.12.jar (207ms)[0m
2022.08.13 20:54:29 ERROR downloading https://repo1.maven.org/maven2/com/eed3si9n/sjson-new-scalajson_2.12/0.9.1/sjson-new-scalajson_2.12-0.9.1.jar ...[0m
2022.08.13 20:54:29 ERROR 	[SUCCESSFUL ] com.github.ben-manes.caffeine#caffeine;2.8.5!caffeine.jar (180ms)[0m
2022.08.13 20:54:29 ERROR downloading https://repo1.maven.org/maven2/org/scala-lang/scala-reflect/2.12.13/scala-reflect-2.12.13.jar ...[0m
2022.08.13 20:54:29 ERROR 	[SUCCESSFUL ] org.scala-sbt#main_2.12;1.5.2!main_2.12.jar (415ms)[0m
2022.08.13 20:54:29 ERROR downloading https://repo1.maven.org/maven2/com/eed3si9n/sjson-new-core_2.12/0.9.1/sjson-new-core_2.12-0.9.1.jar ...[0m
2022.08.13 20:54:29 ERROR 	[SUCCESSFUL ] org.apache.logging.log4j#log4j-core;2.11.2!log4j-core.jar (149ms)[0m
2022.08.13 20:54:29 ERROR downloading https://repo1.maven.org/maven2/com/eed3si9n/shaded-jawn-parser_2.12/0.9.1/shaded-jawn-parser_2.12-0.9.1.jar ...[0m
2022.08.13 20:54:29 ERROR 	[SUCCESSFUL ] com.eed3si9n#sjson-new-scalajson_2.12;0.9.1!sjson-new-scalajson_2.12.jar (41ms)[0m
2022.08.13 20:54:29 ERROR downloading https://repo1.maven.org/maven2/com/eed3si9n/shaded-scalajson_2.12/1.0.0-M4/shaded-scalajson_2.12-1.0.0-M4.jar ...[0m
2022.08.13 20:54:29 ERROR 	[SUCCESSFUL ] com.eed3si9n#shaded-jawn-parser_2.12;0.9.1!shaded-jawn-parser_2.12.jar (67ms)[0m
2022.08.13 20:54:29 ERROR downloading https://repo1.maven.org/maven2/org/scala-sbt/completion_2.12/1.5.2/completion_2.12-1.5.2.jar ...[0m
2022.08.13 20:54:29 ERROR 	[SUCCESSFUL ] com.eed3si9n#shaded-scalajson_2.12;1.0.0-M4!shaded-scalajson_2.12.jar (75ms)[0m
2022.08.13 20:54:29 ERROR downloading https://repo1.maven.org/maven2/org/scala-sbt/task-system_2.12/1.5.2/task-system_2.12-1.5.2.jar ...[0m
2022.08.13 20:54:29 ERROR 	[SUCCESSFUL ] org.scala-sbt#zinc-compile_2.12;1.5.3!zinc-compile_2.12.jar (171ms)[0m
2022.08.13 20:54:29 ERROR downloading https://repo1.maven.org/maven2/org/scala-sbt/tasks_2.12/1.5.2/tasks_2.12-1.5.2.jar ...[0m
2022.08.13 20:54:29 ERROR 	[SUCCESSFUL ] org.scala-sbt#compiler-interface;1.5.3!compiler-interface.jar (220ms)[0m
2022.08.13 20:54:29 ERROR downloading https://repo1.maven.org/maven2/org/scala-sbt/testing_2.12/1.5.2/testing_2.12-1.5.2.jar ...[0m
2022.08.13 20:54:29 ERROR 	[SUCCESSFUL ] org.scala-sbt#util-position_2.12;1.5.2!util-position_2.12.jar (145ms)[0m
2022.08.13 20:54:29 ERROR 	[SUCCESSFUL ] org.scala-sbt#util-relation_2.12;1.5.2!util-relation_2.12.jar (165ms)[0m
2022.08.13 20:54:29 ERROR downloading https://repo1.maven.org/maven2/org/scala-sbt/util-tracking_2.12/1.5.2/util-tracking_2.12-1.5.2.jar ...[0m
2022.08.13 20:54:29 ERROR downloading https://repo1.maven.org/maven2/org/jline/jline-terminal/3.19.0/jline-terminal-3.19.0.jar ...[0m
2022.08.13 20:54:29 ERROR 	[SUCCESSFUL ] org.scala-sbt#librarymanagement-ivy_2.12;1.5.0!librarymanagement-ivy_2.12.jar (229ms)[0m
2022.08.13 20:54:29 ERROR downloading https://repo1.maven.org/maven2/org/scala-sbt/zinc-classpath_2.12/1.5.3/zinc-classpath_2.12-1.5.3.jar ...[0m
2022.08.13 20:54:29 ERROR 	[SUCCESSFUL ] com.eed3si9n#sjson-new-core_2.12;0.9.1!sjson-new-core_2.12.jar (123ms)[0m
2022.08.13 20:54:29 ERROR downloading https://repo1.maven.org/maven2/org/scala-sbt/zinc-apiinfo_2.12/1.5.3/zinc-apiinfo_2.12-1.5.3.jar ...[0m
2022.08.13 20:54:29 ERROR 	[SUCCESSFUL ] org.scala-sbt#librarymanagement-core_2.12;1.5.0!librarymanagement-core_2.12.jar (259ms)[0m
2022.08.13 20:54:29 ERROR downloading https://repo1.maven.org/maven2/org/scala-sbt/zinc_2.12/1.5.3/zinc_2.12-1.5.3.jar ...[0m
2022.08.13 20:54:29 ERROR 	[SUCCESSFUL ] org.scala-lang#scala-reflect;2.12.13!scala-reflect.jar (199ms)[0m
2022.08.13 20:54:29 ERROR downloading https://repo1.maven.org/maven2/org/scala-sbt/util-control_2.12/1.5.2/util-control_2.12-1.5.2.jar ...[0m
2022.08.13 20:54:29 ERROR 	[SUCCESSFUL ] org.jline#jline-terminal;3.19.0!jline-terminal.jar (105ms)[0m
2022.08.13 20:54:29 ERROR downloading https://repo1.maven.org/maven2/org/scala-sbt/jline/jline/2.14.7-sbt-a1b0ffbb8f64bb820f4f84a0c07a0c0964507493/jline-2.14.7-sbt-a1b0ffbb8f64bb820f4f84a0c07a0c0964507493.jar ...[0m
2022.08.13 20:54:29 ERROR 	[SUCCESSFUL ] org.scala-sbt#completion_2.12;1.5.2!completion_2.12.jar (151ms)[0m
2022.08.13 20:54:29 ERROR downloading https://repo1.maven.org/maven2/org/jline/jline-reader/3.19.0/jline-reader-3.19.0.jar ...[0m
2022.08.13 20:54:29 ERROR 	[SUCCESSFUL ] org.scala-sbt#task-system_2.12;1.5.2!task-system_2.12.jar (151ms)[0m
2022.08.13 20:54:29 ERROR downloading https://repo1.maven.org/maven2/org/jline/jline-builtins/3.19.0/jline-builtins-3.19.0.jar ...[0m
2022.08.13 20:54:29 ERROR 	[SUCCESSFUL ] org.scala-sbt#util-tracking_2.12;1.5.2!util-tracking_2.12.jar (153ms)[0m
2022.08.13 20:54:29 ERROR downloading https://repo1.maven.org/maven2/org/scala-sbt/util-interface/1.5.2/util-interface-1.5.2.jar ...[0m
2022.08.13 20:54:29 ERROR 	[SUCCESSFUL ] org.scala-sbt.jline#jline;2.14.7-sbt-a1b0ffbb8f64bb820f4f84a0c07a0c0964507493!jline.jar (51ms)[0m
2022.08.13 20:54:29 ERROR downloading https://repo1.maven.org/maven2/org/scala-sbt/core-macros_2.12/1.5.2/core-macros_2.12-1.5.2.jar ...[0m
2022.08.13 20:54:29 ERROR 	[SUCCESSFUL ] org.jline#jline-reader;3.19.0!jline-reader.jar (48ms)[0m
2022.08.13 20:54:29 ERROR downloading https://repo1.maven.org/maven2/org/jline/jline-terminal-jna/3.19.0/jline-terminal-jna-3.19.0.jar ...[0m
2022.08.13 20:54:29 ERROR 	[SUCCESSFUL ] org.scala-sbt#zinc_2.12;1.5.3!zinc_2.12.jar (154ms)[0m
2022.08.13 20:54:29 ERROR downloading https://repo1.maven.org/maven2/org/jline/jline-terminal-jansi/3.19.0/jline-terminal-jansi-3.19.0.jar ...[0m
2022.08.13 20:54:29 ERROR 	[SUCCESSFUL ] org.scala-sbt#testing_2.12;1.5.2!testing_2.12.jar (177ms)[0m
2022.08.13 20:54:29 ERROR downloading https://repo1.maven.org/maven2/com/lmax/disruptor/3.4.2/disruptor-3.4.2.jar ...[0m
2022.08.13 20:54:29 ERROR 	[SUCCESSFUL ] org.scala-sbt#zinc-apiinfo_2.12;1.5.3!zinc-apiinfo_2.12.jar (164ms)[0m
2022.08.13 20:54:29 ERROR downloading https://repo1.maven.org/maven2/org/scala-lang/scala-compiler/2.12.13/scala-compiler-2.12.13.jar ...[0m
2022.08.13 20:54:29 ERROR 	[SUCCESSFUL ] org.jline#jline-builtins;3.19.0!jline-builtins.jar (55ms)[0m
2022.08.13 20:54:29 ERROR downloading https://repo1.maven.org/maven2/org/fusesource/jansi/jansi/2.1.0/jansi-2.1.0.jar ...[0m
2022.08.13 20:54:29 ERROR 	[SUCCESSFUL ] org.scala-sbt#zinc-classpath_2.12;1.5.3!zinc-classpath_2.12.jar (190ms)[0m
2022.08.13 20:54:29 ERROR downloading https://repo1.maven.org/maven2/com/swoval/file-tree-views/2.1.6/file-tree-views-2.1.6.jar ...[0m
2022.08.13 20:54:29 ERROR 	[SUCCESSFUL ] org.scala-sbt#util-control_2.12;1.5.2!util-control_2.12.jar (140ms)[0m
2022.08.13 20:54:29 ERROR downloading https://repo1.maven.org/maven2/net/java/dev/jna/jna/5.5.0/jna-5.5.0.jar ...[0m
2022.08.13 20:54:29 ERROR 	[SUCCESSFUL ] org.jline#jline-terminal-jansi;3.19.0!jline-terminal-jansi.jar (51ms)[0m
2022.08.13 20:54:29 ERROR downloading https://repo1.maven.org/maven2/net/java/dev/jna/jna-platform/5.5.0/jna-platform-5.5.0.jar ...[0m
2022.08.13 20:54:29 ERROR 	[SUCCESSFUL ] org.jline#jline-terminal-jna;3.19.0!jline-terminal-jna.jar (62ms)[0m
2022.08.13 20:54:29 ERROR downloading https://repo1.maven.org/maven2/org/jline/jline-style/3.19.0/jline-style-3.19.0.jar ...[0m
2022.08.13 20:54:29 ERROR 	[SUCCESSFUL ] com.lmax#disruptor;3.4.2!disruptor.jar (63ms)[0m
2022.08.13 20:54:29 ERROR downloading https://repo1.maven.org/maven2/org/scala-sbt/util-cache_2.12/1.5.2/util-cache_2.12-1.5.2.jar ...[0m
2022.08.13 20:54:29 ERROR 	[SUCCESSFUL ] org.scala-sbt#tasks_2.12;1.5.2!tasks_2.12.jar (248ms)[0m
2022.08.13 20:54:29 ERROR downloading https://repo1.maven.org/maven2/com/eed3si9n/sjson-new-murmurhash_2.12/0.9.1/sjson-new-murmurhash_2.12-0.9.1.jar ...[0m
2022.08.13 20:54:29 ERROR 	[SUCCESSFUL ] org.fusesource.jansi#jansi;2.1.0!jansi.jar (65ms)[0m
2022.08.13 20:54:29 ERROR downloading https://repo1.maven.org/maven2/org/scala-sbt/test-agent/1.5.2/test-agent-1.5.2.jar ...[0m
2022.08.13 20:54:29 ERROR 	[SUCCESSFUL ] com.swoval#file-tree-views;2.1.6!file-tree-views.jar (99ms)[0m
2022.08.13 20:54:29 ERROR downloading https://repo1.maven.org/maven2/org/scala-sbt/test-interface/1.0/test-interface-1.0.jar ...[0m
2022.08.13 20:54:29 ERROR 	[SUCCESSFUL ] org.jline#jline-style;3.19.0!jline-style.jar (69ms)[0m
2022.08.13 20:54:29 ERROR downloading https://repo1.maven.org/maven2/org/scala-sbt/compiler-bridge_2.12/1.5.3/compiler-bridge_2.12-1.5.3.jar ...[0m
2022.08.13 20:54:29 ERROR 	[SUCCESSFUL ] org.scala-sbt#util-interface;1.5.2!util-interface.jar (147ms)[0m
2022.08.13 20:54:29 ERROR downloading https://repo1.maven.org/maven2/org/scala-sbt/zinc-classfile_2.12/1.5.3/zinc-classfile_2.12-1.5.3.jar ...[0m
2022.08.13 20:54:29 ERROR 	[SUCCESSFUL ] org.scala-sbt#core-macros_2.12;1.5.2!core-macros_2.12.jar (150ms)[0m
2022.08.13 20:54:29 ERROR downloading https://repo1.maven.org/maven2/com/jcraft/jsch/0.1.54/jsch-0.1.54.jar ...[0m
2022.08.13 20:54:29 ERROR 	[SUCCESSFUL ] com.eed3si9n#sjson-new-murmurhash_2.12;0.9.1!sjson-new-murmurhash_2.12.jar (70ms)[0m
2022.08.13 20:54:29 ERROR downloading https://repo1.maven.org/maven2/com/eed3si9n/gigahorse-okhttp_2.12/0.5.0/gigahorse-okhttp_2.12-0.5.0.jar ...[0m
2022.08.13 20:54:29 ERROR 	[SUCCESSFUL ] org.scala-sbt#test-interface;1.0!test-interface.jar (57ms)[0m
2022.08.13 20:54:29 ERROR downloading https://repo1.maven.org/maven2/com/squareup/okhttp3/okhttp-urlconnection/3.7.0/okhttp-urlconnection-3.7.0.jar ...[0m
2022.08.13 20:54:29 ERROR 	[SUCCESSFUL ] com.eed3si9n#gigahorse-okhttp_2.12;0.5.0!gigahorse-okhttp_2.12.jar (65ms)[0m
2022.08.13 20:54:29 ERROR downloading https://repo1.maven.org/maven2/com/eed3si9n/gigahorse-core_2.12/0.5.0/gigahorse-core_2.12-0.5.0.jar ...[0m
2022.08.13 20:54:29 ERROR 	[SUCCESSFUL ] com.jcraft#jsch;0.1.54!jsch.jar (86ms)[0m
2022.08.13 20:54:29 ERROR downloading https://repo1.maven.org/maven2/com/squareup/okhttp3/okhttp/3.14.2/okhttp-3.14.2.jar ...[0m
2022.08.13 20:54:29 ERROR 	[SUCCESSFUL ] org.scala-lang#scala-library;2.12.13!scala-library.jar (933ms)[0m
2022.08.13 20:54:29 ERROR downloading https://repo1.maven.org/maven2/com/typesafe/ssl-config-core_2.12/0.4.0/ssl-config-core_2.12-0.4.0.jar ...[0m
2022.08.13 20:54:29 ERROR 	[SUCCESSFUL ] org.scala-sbt#test-agent;1.5.2!test-agent.jar (164ms)[0m
2022.08.13 20:54:29 ERROR downloading https://repo1.maven.org/maven2/org/reactivestreams/reactive-streams/1.0.2/reactive-streams-1.0.2.jar ...[0m
2022.08.13 20:54:29 ERROR 	[SUCCESSFUL ] com.squareup.okhttp3#okhttp-urlconnection;3.7.0!okhttp-urlconnection.jar (66ms)[0m
2022.08.13 20:54:29 ERROR downloading https://repo1.maven.org/maven2/org/slf4j/slf4j-api/1.7.26/slf4j-api-1.7.26.jar ...[0m
2022.08.13 20:54:29 ERROR 	[SUCCESSFUL ] org.scala-sbt#util-cache_2.12;1.5.2!util-cache_2.12.jar (177ms)[0m
2022.08.13 20:54:29 ERROR downloading https://repo1.maven.org/maven2/org/scala-lang/modules/scala-parser-combinators_2.12/1.1.2/scala-parser-combinators_2.12-1.1.2.jar ...[0m
2022.08.13 20:54:29 ERROR 	[SUCCESSFUL ] com.eed3si9n#gigahorse-core_2.12;0.5.0!gigahorse-core_2.12.jar (70ms)[0m
2022.08.13 20:54:29 ERROR downloading https://repo1.maven.org/maven2/com/typesafe/config/1.3.3/config-1.3.3.jar ...[0m
2022.08.13 20:54:29 ERROR 	[SUCCESSFUL ] net.java.dev.jna#jna;5.5.0!jna.jar (238ms)[0m
2022.08.13 20:54:29 ERROR downloading https://repo1.maven.org/maven2/com/squareup/okio/okio/1.17.2/okio-1.17.2.jar ...[0m
2022.08.13 20:54:29 ERROR 	[SUCCESSFUL ] org.scala-sbt#zinc-classfile_2.12;1.5.3!zinc-classfile_2.12.jar (170ms)[0m
2022.08.13 20:54:29 ERROR downloading https://repo1.maven.org/maven2/org/scala-sbt/zinc-core_2.12/1.5.3/zinc-core_2.12-1.5.3.jar ...[0m
2022.08.13 20:54:30 ERROR 	[SUCCESSFUL ] org.reactivestreams#reactive-streams;1.0.2!reactive-streams.jar (77ms)[0m
2022.08.13 20:54:30 ERROR 	[SUCCESSFUL ] org.slf4j#slf4j-api;1.7.26!slf4j-api.jar (76ms)[0m
2022.08.13 20:54:30 ERROR downloading https://repo1.maven.org/maven2/org/scala-sbt/zinc-compile-core_2.12/1.5.3/zinc-compile-core_2.12-1.5.3.jar ...[0m
2022.08.13 20:54:30 ERROR downloading https://repo1.maven.org/maven2/org/scala-sbt/zinc-persist_2.12/1.5.3/zinc-persist_2.12-1.5.3.jar ...[0m
2022.08.13 20:54:30 ERROR 	[SUCCESSFUL ] org.scala-sbt#compiler-bridge_2.12;1.5.3!compiler-bridge_2.12.jar (197ms)[0m
2022.08.13 20:54:30 ERROR downloading https://repo1.maven.org/maven2/org/scala-sbt/zinc-persist-core-assembly/1.5.3/zinc-persist-core-assembly-1.5.3.jar ...[0m
2022.08.13 20:54:30 ERROR 	[SUCCESSFUL ] com.typesafe#ssl-config-core_2.12;0.4.0!ssl-config-core_2.12.jar(bundle) (84ms)[0m
2022.08.13 20:54:30 ERROR downloading https://repo1.maven.org/maven2/net/openhft/zero-allocation-hashing/0.10.1/zero-allocation-hashing-0.10.1.jar ...[0m
2022.08.13 20:54:30 ERROR 	[SUCCESSFUL ] com.squareup.okio#okio;1.17.2!okio.jar (82ms)[0m
2022.08.13 20:54:30 ERROR downloading https://repo1.maven.org/maven2/org/scala-sbt/sbinary_2.12/0.5.1/sbinary_2.12-0.5.1.jar ...[0m
2022.08.13 20:54:30 ERROR 	[SUCCESSFUL ] org.scala-lang.modules#scala-parser-combinators_2.12;1.1.2!scala-parser-combinators_2.12.jar(bundle) (128ms)[0m
2022.08.13 20:54:30 ERROR downloading https://repo1.maven.org/maven2/org/scala-sbt/protocol_2.12/1.5.2/protocol_2.12-1.5.2.jar ...[0m
2022.08.13 20:54:30 ERROR 	[SUCCESSFUL ] com.squareup.okhttp3#okhttp;3.14.2!okhttp.jar (153ms)[0m
2022.08.13 20:54:30 ERROR downloading https://repo1.maven.org/maven2/org/scala-sbt/template-resolver/0.1/template-resolver-0.1.jar ...[0m
2022.08.13 20:54:30 ERROR 	[SUCCESSFUL ] com.typesafe#config;1.3.3!config.jar(bundle) (119ms)[0m
2022.08.13 20:54:30 ERROR downloading https://repo1.maven.org/maven2/org/scala-sbt/ipcsocket/ipcsocket/1.3.0/ipcsocket-1.3.0.jar ...[0m
2022.08.13 20:54:30 ERROR 	[SUCCESSFUL ] org.scala-sbt#template-resolver;0.1!template-resolver.jar (115ms)[0m
2022.08.13 20:54:30 ERROR downloading https://repo1.maven.org/maven2/org/checkerframework/checker-qual/3.4.1/checker-qual-3.4.1.jar ...[0m
2022.08.13 20:54:30 ERROR 	[SUCCESSFUL ] net.openhft#zero-allocation-hashing;0.10.1!zero-allocation-hashing.jar(bundle) (168ms)[0m
2022.08.13 20:54:30 ERROR 	[SUCCESSFUL ] org.scala-sbt#sbinary_2.12;0.5.1!sbinary_2.12.jar (121ms)[0m
2022.08.13 20:54:30 ERROR downloading https://repo1.maven.org/maven2/com/google/errorprone/error_prone_annotations/2.4.0/error_prone_annotations-2.4.0.jar ...[0m
2022.08.13 20:54:30 ERROR downloading https://repo1.maven.org/maven2/org/scala-lang/modules/scala-collection-compat_2.12/2.4.2/scala-collection-compat_2.12-2.4.2.jar ...[0m
2022.08.13 20:54:30 ERROR 	[SUCCESSFUL ] org.scala-sbt#zinc-persist_2.12;1.5.3!zinc-persist_2.12.jar (197ms)[0m
2022.08.13 20:54:30 ERROR downloading https://repo1.maven.org/maven2/org/scala-sbt/ivy/ivy/2.3.0-sbt-fbc4f586aeeb1591710b14eb4f41b94880dcd745/ivy-2.3.0-sbt-fbc4f586aeeb1591710b14eb4f41b94880dcd745.jar ...[0m
2022.08.13 20:54:30 ERROR 	[SUCCESSFUL ] org.scala-sbt.ipcsocket#ipcsocket;1.3.0!ipcsocket.jar (117ms)[0m
2022.08.13 20:54:30 ERROR 	[SUCCESSFUL ] org.scala-sbt#zinc-compile-core_2.12;1.5.3!zinc-compile-core_2.12.jar (215ms)[0m
2022.08.13 20:54:30 ERROR 	[SUCCESSFUL ] com.google.errorprone#error_prone_annotations;2.4.0!error_prone_annotations.jar (101ms)[0m
2022.08.13 20:54:30 ERROR 	[SUCCESSFUL ] org.checkerframework#checker-qual;3.4.1!checker-qual.jar (103ms)[0m
2022.08.13 20:54:30 ERROR 	[SUCCESSFUL ] org.scala-lang.modules#scala-collection-compat_2.12;2.4.2!scala-collection-compat_2.12.jar (103ms)[0m
2022.08.13 20:54:30 ERROR 	[SUCCESSFUL ] org.scala-sbt#zinc-core_2.12;1.5.3!zinc-core_2.12.jar (309ms)[0m
2022.08.13 20:54:30 ERROR 	[SUCCESSFUL ] org.scala-sbt.ivy#ivy;2.3.0-sbt-fbc4f586aeeb1591710b14eb4f41b94880dcd745!ivy.jar (126ms)[0m
2022.08.13 20:54:30 ERROR 	[SUCCESSFUL ] org.scala-sbt#zinc-persist-core-assembly;1.5.3!zinc-persist-core-assembly.jar (328ms)[0m
2022.08.13 20:54:30 ERROR 	[SUCCESSFUL ] org.scala-sbt#protocol_2.12;1.5.2!protocol_2.12.jar (282ms)[0m
2022.08.13 20:54:30 ERROR 	[SUCCESSFUL ] net.java.dev.jna#jna-platform;5.5.0!jna-platform.jar (610ms)[0m
2022.08.13 20:54:30 ERROR 	[SUCCESSFUL ] org.scala-lang#scala-compiler;2.12.13!scala-compiler.jar (897ms)[0m
2022.08.13 20:54:30 ERROR 	[SUCCESSFUL ] io.get-coursier#lm-coursier-shaded_2.12;2.0.8!lm-coursier-shaded_2.12.jar (1578ms)[0m
2022.08.13 20:54:30 ERROR :: retrieving :: org.scala-sbt#boot-app[0m
2022.08.13 20:54:30 ERROR 	confs: [default][0m
2022.08.13 20:54:30 ERROR 	83 artifacts copied, 0 already retrieved[0m
2022.08.13 20:54:30 ERROR [info] [launcher] getting Scala 2.12.13 (for sbt)...[0m
2022.08.13 20:54:33 INFO  no build target found for /Users/alberto/Projects/personal/functional-programming-principles-in-scala/scala-project/src/main/scala/example/example.worksheet.sc. Using presentation compiler with project's scala-library version: 3.1.3[0m
2022.08.13 20:54:33 INFO  time: evaluated worksheet 'example.worksheet.sc' in 8.26s[0m
2022.08.13 20:54:36 ERROR downloading https://repo1.maven.org/maven2/org/scala-lang/modules/scala-xml_2.12/1.0.6/scala-xml_2.12-1.0.6.jar ...[0m
2022.08.13 20:54:36 ERROR downloading https://repo1.maven.org/maven2/org/fusesource/jansi/jansi/1.12/jansi-1.12.jar ...[0m
2022.08.13 20:54:36 ERROR downloading https://repo1.maven.org/maven2/jline/jline/2.14.6/jline-2.14.6.jar ...[0m
2022.08.13 20:54:36 ERROR 	[SUCCESSFUL ] org.fusesource.jansi#jansi;1.12!jansi.jar (40ms)[0m
2022.08.13 20:54:36 ERROR 	[SUCCESSFUL ] jline#jline;2.14.6!jline.jar (106ms)[0m
2022.08.13 20:54:36 ERROR 	[SUCCESSFUL ] org.scala-lang.modules#scala-xml_2.12;1.0.6!scala-xml_2.12.jar(bundle) (128ms)[0m
2022.08.13 20:54:36 ERROR :: retrieving :: org.scala-sbt#boot-scala[0m
2022.08.13 20:54:36 ERROR 	confs: [default][0m
2022.08.13 20:54:36 ERROR 	6 artifacts copied, 0 already retrieved[0m
2022.08.13 20:54:37 INFO  [info] welcome to sbt 1.5.2 (Oracle Corporation Java 11)[0m
2022.08.13 20:54:39 INFO  [info] loading settings for project scala-project-build-build from metals.sbt ...[0m
2022.08.13 20:54:39 INFO  [info] loading project definition from /Users/alberto/Projects/personal/functional-programming-principles-in-scala/scala-project/project/project[0m
2022.08.13 20:54:43 INFO  [info] loading settings for project scala-project-build from metals.sbt ...[0m
2022.08.13 20:54:43 INFO  [info] loading project definition from /Users/alberto/Projects/personal/functional-programming-principles-in-scala/scala-project/project[0m
2022.08.13 20:54:47 INFO  [success] Generated .bloop/scala-project-build.json[0m
2022.08.13 20:54:47 INFO  [success] Total time: 4 s, completed Aug 13, 2022, 8:54:47 PM[0m
2022.08.13 20:54:47 INFO  [info] loading settings for project scala-project from build.sbt ...[0m
2022.08.13 20:54:47 INFO  [info] set current project to scala-project (in build file:/Users/alberto/Projects/personal/functional-programming-principles-in-scala/scala-project/)[0m
2022.08.13 20:54:50 INFO  [success] Generated .bloop/scala-project.json[0m
2022.08.13 20:54:50 INFO  [success] Generated .bloop/scala-project-test.json[0m
2022.08.13 20:54:50 INFO  [success] Total time: 2 s, completed Aug 13, 2022, 8:54:50 PM[0m
2022.08.13 20:54:50 INFO  time: ran 'sbt bloopInstall' in 1m7s[0m
2022.08.13 20:54:50 INFO  Attempting to connect to the build server...[0m
2022.08.13 20:54:50 INFO  Setting up current java home /Users/alberto/Library/Caches/Coursier/arc/https/github.com/AdoptOpenJDK/openjdk11-binaries/releases/download/jdk-11%252B28/OpenJDK11-jdk_x64_mac_hotspot_11_28.tar.gz/jdk-11+28/Contents/Home in /Users/alberto/.bloop/bloop.json[0m
2022.08.13 20:54:55 INFO  tracing is disabled for protocol BSP, to enable tracing of incoming and outgoing JSON messages create an empty file at /Users/alberto/Projects/personal/functional-programming-principles-in-scala/scala-project/.metals/bsp.trace.json or /Users/alberto/Library/Caches/org.scalameta.metals/bsp.trace.json[0m
2022.08.13 20:54:55 INFO  Attempting to connect to the build server...[0m
2022.08.13 20:54:55 INFO  Bloop uses /Users/alberto/Library/Caches/Coursier/arc/https/github.com/AdoptOpenJDK/openjdk11-binaries/releases/download/jdk-11%252B28/OpenJDK11-jdk_x64_mac_hotspot_11_28.tar.gz/jdk-11+28/Contents/Home defined at /Users/alberto/.bloop/bloop.json[0m
2022.08.13 20:54:55 INFO  tracing is disabled for protocol BSP, to enable tracing of incoming and outgoing JSON messages create an empty file at /Users/alberto/Projects/personal/functional-programming-principles-in-scala/scala-project/project/.metals/bsp.trace.json or /Users/alberto/Library/Caches/org.scalameta.metals/bsp.trace.json[0m
2022.08.13 20:54:57 INFO  time: Connected to build server in 7.03s[0m
2022.08.13 20:54:57 INFO  Connected to Build server: Bloop v1.5.3[0m
2022.08.13 20:55:01 INFO  time: indexed workspace in 4.15s[0m
2022.08.13 20:55:04 INFO  time: code lens generation in 1.58s[0m
2022.08.13 20:55:04 INFO  time: code lens generation in 1.58s[0m
[31merror[39m: 
example.worksheet.sc:2 (mdoc generated code) 
 type DocumentBuilder is not a member of mdoc.internal.document - did you mean document.DocumentBuilder?
object MdocSession extends _root_.mdoc.internal.document.DocumentBuilder {


[31merror[39m: 
example.worksheet.sc:5 (mdoc generated code) 
 Not found: $doc
    $doc.startSection();


[31merror[39m: 
example.worksheet.sc:6 (mdoc generated code) 
 Not found: $doc
    $doc.startStatement(0, 0, 0, 5);


[31merror[39m: 
example.worksheet.sc:9 (mdoc generated code) 
 Not found: $doc
    $doc.binder(res0, 0, 0, 0, 5);


[31merror[39m: 
example.worksheet.sc:10 (mdoc generated code) 
 Not found: $doc
    $doc.endStatement();


[31merror[39m: 
example.worksheet.sc:11 (mdoc generated code) 
 Not found: $doc
    $doc.startStatement(2, 0, 2, 10);


[31merror[39m: 
example.worksheet.sc:13 (mdoc generated code) 
 Not found: $doc
    $doc.binder(x, 2, 4, 2, 5);


[31merror[39m: 
example.worksheet.sc:14 (mdoc generated code) 
 Not found: $doc
    $doc.endStatement();


[31merror[39m: 
example.worksheet.sc:15 (mdoc generated code) 
 Not found: $doc
    $doc.startStatement(4, 0, 4, 5);


[31merror[39m: 
example.worksheet.sc:18 (mdoc generated code) 
 Not found: $doc
    $doc.binder(res1, 4, 0, 4, 5);


[31merror[39m: 
example.worksheet.sc:19 (mdoc generated code) 
 Not found: $doc
    $doc.endStatement();


[31merror[39m: 
example.worksheet.sc:20 (mdoc generated code) 
 Not found: $doc
    $doc.endSection();


2022.08.13 20:58:42 INFO  time: evaluated worksheet 'example.worksheet.sc' in 3.36s[0m
2022.08.13 20:58:49 INFO  shutting down Metals[0m
2022.08.13 20:58:49 INFO  Shut down connection with build server.[0m
2022.08.13 20:58:49 INFO  Shut down connection with build server.[0m
